[INFO] Scanning for projects...
[INFO] 
[INFO] -----------------------< com.medicina:citafacil >-----------------------
[INFO] Building citafacil 0.0.1-SNAPSHOT
[INFO]   from pom.xml
[INFO] --------------------------------[ jar ]---------------------------------
[INFO] 
[INFO] >>> spring-boot:3.5.7:run (default-cli) > test-compile @ citafacil >>>
[INFO] 
[INFO] --- resources:3.3.1:resources (default-resources) @ citafacil ---
[INFO] Copying 1 resource from src\main\resources to target\classes
[INFO] Copying 13 resources from src\main\resources to target\classes
[INFO] 
[INFO] --- compiler:3.14.1:compile (default-compile) @ citafacil ---
[INFO] Nothing to compile - all classes are up to date.
[INFO] 
[INFO] --- resources:3.3.1:testResources (default-testResources) @ citafacil ---
[INFO] skip non existing resourceDirectory D:\citafacil\citafacil\src\test\resources
[INFO] 
[INFO] --- compiler:3.14.1:testCompile (default-testCompile) @ citafacil ---
[INFO] Nothing to compile - all classes are up to date.
[INFO] 
[INFO] <<< spring-boot:3.5.7:run (default-cli) < test-compile @ citafacil <<<
[INFO] 
[INFO] 
[INFO] --- spring-boot:3.5.7:run (default-cli) @ citafacil ---
[INFO] Attaching agents: []

  .   ____          _            __ _ _
 /\\ / ___'_ __ _ _(_)_ __  __ _ \ \ \ \
( ( )\___ | '_ | '_| | '_ \/ _` | \ \ \ \
 \\/  ___)| |_)| | | | | || (_| |  ) ) ) )
  '  |____| .__|_| |_|_| |_\__, | / / / /
 =========|_|==============|___/=/_/_/_/

 :: Spring Boot ::                (v3.5.7)

2025-12-01T16:21:31.167-05:00  INFO 29792 --- [citafacil] [           main] c.m.citafacil.CitafacilApplication       : Starting CitafacilApplication using Java 21.0.9 with PID 29792 (D:\citafacil\citafacil\target\classes started by will in D:\citafacil\citafacil)
2025-12-01T16:21:31.168-05:00  INFO 29792 --- [citafacil] [           main] c.m.citafacil.CitafacilApplication       : No active profile set, falling back to 1 default profile: "default"
2025-12-01T16:21:31.934-05:00  INFO 29792 --- [citafacil] [           main] .s.d.r.c.RepositoryConfigurationDelegate : Bootstrapping Spring Data JPA repositories in DEFAULT mode.
2025-12-01T16:21:31.983-05:00  INFO 29792 --- [citafacil] [           main] .s.d.r.c.RepositoryConfigurationDelegate : Finished Spring Data repository scanning in 41 ms. Found 5 JPA repository interfaces.
2025-12-01T16:21:32.393-05:00  INFO 29792 --- [citafacil] [           main] o.s.b.w.embedded.tomcat.TomcatWebServer  : Tomcat initialized with port 8080 (http)
2025-12-01T16:21:32.398-05:00  INFO 29792 --- [citafacil] [           main] o.apache.catalina.core.StandardService   : Starting service [Tomcat]
2025-12-01T16:21:32.398-05:00  INFO 29792 --- [citafacil] [           main] o.apache.catalina.core.StandardEngine    : Starting Servlet engine: [Apache Tomcat/10.1.48]
2025-12-01T16:21:32.456-05:00  INFO 29792 --- [citafacil] [           main] o.a.c.c.C.[Tomcat].[localhost].[/]       : Initializing Spring embedded WebApplicationContext
2025-12-01T16:21:32.457-05:00  INFO 29792 --- [citafacil] [           main] w.s.c.ServletWebServerApplicationContext : Root WebApplicationContext: initialization completed in 1253 ms
2025-12-01T16:21:32.658-05:00  INFO 29792 --- [citafacil] [           main] o.hibernate.jpa.internal.util.LogHelper  : HHH000204: Processing PersistenceUnitInfo [name: default]
2025-12-01T16:21:32.698-05:00  INFO 29792 --- [citafacil] [           main] org.hibernate.Version                    : HHH000412: Hibernate ORM core version 6.6.33.Final
2025-12-01T16:21:32.723-05:00  INFO 29792 --- [citafacil] [           main] o.h.c.internal.RegionFactoryInitiator    : HHH000026: Second-level cache disabled
2025-12-01T16:21:32.932-05:00  INFO 29792 --- [citafacil] [           main] o.s.o.j.p.SpringPersistenceUnitInfo      : No LoadTimeWeaver setup: ignoring JPA class transformer
2025-12-01T16:21:32.953-05:00  INFO 29792 --- [citafacil] [           main] com.zaxxer.hikari.HikariDataSource       : HikariPool-1 - Starting...
2025-12-01T16:21:33.098-05:00  INFO 29792 --- [citafacil] [           main] com.zaxxer.hikari.pool.HikariPool        : HikariPool-1 - Added connection conn0: url=jdbc:h2:mem:citafacil user=SA
2025-12-01T16:21:33.100-05:00  INFO 29792 --- [citafacil] [           main] com.zaxxer.hikari.HikariDataSource       : HikariPool-1 - Start completed.
2025-12-01T16:21:33.118-05:00  WARN 29792 --- [citafacil] [           main] org.hibernate.orm.deprecation            : HHH90000025: H2Dialect does not need to be specified explicitly using 'hibernate.dialect' (remove the property setting and it will be selected by default)
2025-12-01T16:21:33.133-05:00  INFO 29792 --- [citafacil] [           main] org.hibernate.orm.connections.pooling    : HHH10001005: Database info:
	Database JDBC URL [Connecting through datasource 'HikariDataSource (HikariPool-1)']
	Database driver: undefined/unknown
	Database version: 2.3.232
	Autocommit mode: undefined/unknown
	Isolation level: undefined/unknown
	Minimum pool size: undefined/unknown
	Maximum pool size: undefined/unknown
Hibernate: 
    create global temporary table HT_users(id bigint not null, primary key (id)) TRANSACTIONAL
Hibernate: 
    create global temporary table HTE_users(birth_date date, HTE_IDENTITY bigint generated 
by
    default as identity, id bigint, cmp varchar(255), dni varchar(255), full_name varchar(255), insurance_number varchar(255), parent_dni varchar(255), password varchar(255), specialty varchar(255), username varchar(255), role enum ('ADMIN', 'DOCTOR', 'PATIENT'), primary key (HTE_IDENTITY)) TRANSACTIONAL
Hibernate: 
    create global temporary table HTE_doctors(HTE_IDENTITY bigint generated 
by
    default as identity, id bigint, cmp varchar(255), dni varchar(255), full_name varchar(255), parent_dni varchar(255), password varchar(255), specialty varchar(255), username varchar(255), role enum ('ADMIN', 'DOCTOR', 'PATIENT'), primary key (HTE_IDENTITY)) TRANSACTIONAL
Hibernate: 
    create global temporary table HTE_patients(birth_date date, HTE_IDENTITY bigint generated 
by
    default as identity, id bigint, dni varchar(255), full_name varchar(255), insurance_number varchar(255), parent_dni varchar(255), password varchar(255), username varchar(255), role enum ('ADMIN', 'DOCTOR', 'PATIENT'), primary key (HTE_IDENTITY)) TRANSACTIONAL
2025-12-01T16:21:33.819-05:00  INFO 29792 --- [citafacil] [           main] o.h.e.t.j.p.i.JtaPlatformInitiator       : HHH000489: No JTA platform available (set 'hibernate.transaction.jta.platform' to enable JTA platform integration)
Hibernate: 
    create table appointments (
        id bigint generated by default as identity,
        date date not null,
        status enum ('CANCELLED','COMPLETED','PENDING') not null,
        time time(6) not null,
        doctor_id bigint not null,
        patient_id bigint not null,
        primary key (id)
    )
Hibernate: 
    create table doctors (
        cmp varchar(255) not null,
        specialty varchar(255) not null,
        id bigint not null,
        primary key (id)
    )
Hibernate: 
    create table medical_records (
        id bigint generated by default as identity,
        blood_sugar float(53),
        date timestamp(6) not null,
        diagnosis TEXT,
        height float(53),
        hemoglobin float(53),
        notes TEXT,
        treatment TEXT,
        weight float(53),
        doctor_id bigint not null,
        patient_id bigint not null,
        primary key (id)
    )
Hibernate: 
    create table patients (
        birth_date date not null,
        insurance_number varchar(255),
        id bigint not null,
        primary key (id)
    )
Hibernate: 
    create table users (
        id bigint generated by default as identity,
        dni varchar(255) not null,
        full_name varchar(255) not null,
        parent_dni varchar(255),
        password varchar(255) not null,
        role enum ('ADMIN','DOCTOR','PATIENT') not null,
        username varchar(255) not null,
        primary key (id)
    )
Hibernate: 
    alter table if exists doctors 
       drop constraint if exists UKkwnkrxi9j47sqgqs9f7k4e8bs
Hibernate: 
    alter table if exists doctors 
       add constraint UKkwnkrxi9j47sqgqs9f7k4e8bs unique (cmp)
Hibernate: 
    alter table if exists users 
       drop constraint if exists UK6aphui3g30h49muho4c91n0yl
Hibernate: 
    alter table if exists users 
       add constraint UK6aphui3g30h49muho4c91n0yl unique (dni)
Hibernate: 
    alter table if exists users 
       drop constraint if exists UKr43af9ap4edm43mmtq01oddj6
Hibernate: 
    alter table if exists users 
       add constraint UKr43af9ap4edm43mmtq01oddj6 unique (username)
Hibernate: 
    alter table if exists appointments 
       add constraint FKmujeo4tymoo98cmf7uj3vsv76 
       foreign key (doctor_id) 
       references doctors
Hibernate: 
    alter table if exists appointments 
       add constraint FK8exap5wmg8kmb1g1rx3by21yt 
       foreign key (patient_id) 
       references patients
Hibernate: 
    alter table if exists doctors 
       add constraint FKgisys6qm9qflq8w4npdhxafne 
       foreign key (id) 
       references users
Hibernate: 
    alter table if exists medical_records 
       add constraint FKtny13k9v4o58styd47st3s2l5 
       foreign key (doctor_id) 
       references doctors
Hibernate: 
    alter table if exists medical_records 
       add constraint FKrav12h9aiw7pegjt62p8owwn3 
       foreign key (patient_id) 
       references patients
Hibernate: 
    alter table if exists patients 
       add constraint FKn8xphvlp05nd3ydg0p1rbdaom 
       foreign key (id) 
       references users
2025-12-01T16:21:33.875-05:00  INFO 29792 --- [citafacil] [           main] j.LocalContainerEntityManagerFactoryBean : Initialized JPA EntityManagerFactory for persistence unit 'default'
2025-12-01T16:21:34.201-05:00  INFO 29792 --- [citafacil] [           main] o.s.b.a.w.s.WelcomePageHandlerMapping    : Adding welcome page template: index
2025-12-01T16:21:34.370-05:00  INFO 29792 --- [citafacil] [           main] o.s.b.a.e.web.EndpointLinksResolver      : Exposing 1 endpoint beneath base path '/actuator'
2025-12-01T16:21:34.393-05:00  INFO 29792 --- [citafacil] [           main] r$InitializeUserDetailsManagerConfigurer : Global AuthenticationManager configured with UserDetailsService bean with name customUserDetailsService
2025-12-01T16:21:34.647-05:00  INFO 29792 --- [citafacil] [           main] o.s.b.a.h2.H2ConsoleAutoConfiguration    : H2 console available at '/h2-console'. Database available at 'jdbc:h2:mem:citafacil'
2025-12-01T16:21:34.660-05:00  WARN 29792 --- [citafacil] [           main] ConfigServletWebServerApplicationContext : Exception encountered during context initialization - cancelling refresh attempt: org.springframework.beans.factory.BeanCreationException: Error creating bean with name 'dataSourceScriptDatabaseInitializer' defined in class path resource [org/springframework/boot/autoconfigure/sql/init/DataSourceInitializationConfiguration.class]: Failed to execute SQL script statement #1 of file [D:\citafacil\citafacil\target\classes\data.sql]: INSERT INTO users (username, password, role) VALUES ('admin', '{noop}admin', 'ADMIN')
2025-12-01T16:21:34.662-05:00  INFO 29792 --- [citafacil] [           main] j.LocalContainerEntityManagerFactoryBean : Closing JPA EntityManagerFactory for persistence unit 'default'
2025-12-01T16:21:34.663-05:00  INFO 29792 --- [citafacil] [           main] com.zaxxer.hikari.HikariDataSource       : HikariPool-1 - Shutdown initiated...
2025-12-01T16:21:34.664-05:00  INFO 29792 --- [citafacil] [           main] com.zaxxer.hikari.HikariDataSource       : HikariPool-1 - Shutdown completed.
2025-12-01T16:21:34.667-05:00  INFO 29792 --- [citafacil] [           main] o.apache.catalina.core.StandardService   : Stopping service [Tomcat]
2025-12-01T16:21:34.677-05:00  INFO 29792 --- [citafacil] [           main] .s.b.a.l.ConditionEvaluationReportLogger : 

Error starting ApplicationContext. To display the condition evaluation report re-run your application with 'debug' enabled.
2025-12-01T16:21:34.686-05:00 ERROR 29792 --- [citafacil] [           main] o.s.boot.SpringApplication               : Application run failed

org.springframework.beans.factory.BeanCreationException: Error creating bean with name 'dataSourceScriptDatabaseInitializer' defined in class path resource [org/springframework/boot/autoconfigure/sql/init/DataSourceInitializationConfiguration.class]: Failed to execute SQL script statement #1 of file [D:\citafacil\citafacil\target\classes\data.sql]: INSERT INTO users (username, password, role) VALUES ('admin', '{noop}admin', 'ADMIN')
	at org.springframework.beans.factory.support.AbstractAutowireCapableBeanFactory.initializeBean(AbstractAutowireCapableBeanFactory.java:1826) ~[spring-beans-6.2.12.jar:6.2.12]
	at org.springframework.beans.factory.support.AbstractAutowireCapableBeanFactory.doCreateBean(AbstractAutowireCapableBeanFactory.java:607) ~[spring-beans-6.2.12.jar:6.2.12]
	at org.springframework.beans.factory.support.AbstractAutowireCapableBeanFactory.createBean(AbstractAutowireCapableBeanFactory.java:529) ~[spring-beans-6.2.12.jar:6.2.12]
	at org.springframework.beans.factory.support.AbstractBeanFactory.lambda$doGetBean$0(AbstractBeanFactory.java:339) ~[spring-beans-6.2.12.jar:6.2.12]
	at org.springframework.beans.factory.support.DefaultSingletonBeanRegistry.getSingleton(DefaultSingletonBeanRegistry.java:373) ~[spring-beans-6.2.12.jar:6.2.12]
	at org.springframework.beans.factory.support.AbstractBeanFactory.doGetBean(AbstractBeanFactory.java:337) ~[spring-beans-6.2.12.jar:6.2.12]
	at org.springframework.beans.factory.support.AbstractBeanFactory.getBean(AbstractBeanFactory.java:202) ~[spring-beans-6.2.12.jar:6.2.12]
	at org.springframework.beans.factory.support.AbstractBeanFactory.doGetBean(AbstractBeanFactory.java:315) ~[spring-beans-6.2.12.jar:6.2.12]
	at org.springframework.beans.factory.support.AbstractBeanFactory.getBean(AbstractBeanFactory.java:202) ~[spring-beans-6.2.12.jar:6.2.12]
	at org.springframework.beans.factory.support.DefaultListableBeanFactory.instantiateSingleton(DefaultListableBeanFactory.java:1228) ~[spring-beans-6.2.12.jar:6.2.12]
	at org.springframework.beans.factory.support.DefaultListableBeanFactory.preInstantiateSingleton(DefaultListableBeanFactory.java:1194) ~[spring-beans-6.2.12.jar:6.2.12]
	at org.springframework.beans.factory.support.DefaultListableBeanFactory.preInstantiateSingletons(DefaultListableBeanFactory.java:1130) ~[spring-beans-6.2.12.jar:6.2.12]
	at org.springframework.context.support.AbstractApplicationContext.finishBeanFactoryInitialization(AbstractApplicationContext.java:990) ~[spring-context-6.2.12.jar:6.2.12]
	at org.springframework.context.support.AbstractApplicationContext.refresh(AbstractApplicationContext.java:627) ~[spring-context-6.2.12.jar:6.2.12]
	at org.springframework.boot.web.servlet.context.ServletWebServerApplicationContext.refresh(ServletWebServerApplicationContext.java:146) ~[spring-boot-3.5.7.jar:3.5.7]
	at org.springframework.boot.SpringApplication.refresh(SpringApplication.java:752) ~[spring-boot-3.5.7.jar:3.5.7]
	at org.springframework.boot.SpringApplication.refreshContext(SpringApplication.java:439) ~[spring-boot-3.5.7.jar:3.5.7]
	at org.springframework.boot.SpringApplication.run(SpringApplication.java:318) ~[spring-boot-3.5.7.jar:3.5.7]
	at org.springframework.boot.SpringApplication.run(SpringApplication.java:1361) ~[spring-boot-3.5.7.jar:3.5.7]
	at org.springframework.boot.SpringApplication.run(SpringApplication.java:1350) ~[spring-boot-3.5.7.jar:3.5.7]
	at com.medicina.citafacil.CitafacilApplication.main(CitafacilApplication.java:10) ~[classes/:na]
Caused by: org.springframework.jdbc.datasource.init.ScriptStatementFailedException: Failed to execute SQL script statement #1 of file [D:\citafacil\citafacil\target\classes\data.sql]: INSERT INTO users (username, password, role) VALUES ('admin', '{noop}admin', 'ADMIN')
	at org.springframework.jdbc.datasource.init.ScriptUtils.executeSqlScript(ScriptUtils.java:293) ~[spring-jdbc-6.2.12.jar:6.2.12]
	at org.springframework.jdbc.datasource.init.ResourceDatabasePopulator.populate(ResourceDatabasePopulator.java:254) ~[spring-jdbc-6.2.12.jar:6.2.12]
	at org.springframework.jdbc.datasource.init.DatabasePopulatorUtils.execute(DatabasePopulatorUtils.java:54) ~[spring-jdbc-6.2.12.jar:6.2.12]
	at org.springframework.boot.jdbc.init.DataSourceScriptDatabaseInitializer.runScripts(DataSourceScriptDatabaseInitializer.java:87) ~[spring-boot-3.5.7.jar:3.5.7]
	at org.springframework.boot.sql.init.AbstractScriptDatabaseInitializer.runScripts(AbstractScriptDatabaseInitializer.java:146) ~[spring-boot-3.5.7.jar:3.5.7]
	at org.springframework.boot.sql.init.AbstractScriptDatabaseInitializer.applyScripts(AbstractScriptDatabaseInitializer.java:108) ~[spring-boot-3.5.7.jar:3.5.7]
	at org.springframework.boot.sql.init.AbstractScriptDatabaseInitializer.applyDataScripts(AbstractScriptDatabaseInitializer.java:102) ~[spring-boot-3.5.7.jar:3.5.7]
	at org.springframework.boot.sql.init.AbstractScriptDatabaseInitializer.initializeDatabase(AbstractScriptDatabaseInitializer.java:77) ~[spring-boot-3.5.7.jar:3.5.7]
	at org.springframework.boot.sql.init.AbstractScriptDatabaseInitializer.afterPropertiesSet(AbstractScriptDatabaseInitializer.java:66) ~[spring-boot-3.5.7.jar:3.5.7]
	at org.springframework.beans.factory.support.AbstractAutowireCapableBeanFactory.invokeInitMethods(AbstractAutowireCapableBeanFactory.java:1873) ~[spring-beans-6.2.12.jar:6.2.12]
	at org.springframework.beans.factory.support.AbstractAutowireCapableBeanFactory.initializeBean(AbstractAutowireCapableBeanFactory.java:1822) ~[spring-beans-6.2.12.jar:6.2.12]
	... 20 common frames omitted
Caused by: org.h2.jdbc.JdbcSQLIntegrityConstraintViolationException: La columna "DNI" no permite valores nulos (NULL)
NULL not allowed for column "DNI"; SQL statement:
INSERT INTO users (username, password, role) VALUES ('admin', '{noop}admin', 'ADMIN') [23502-232]
	at org.h2.message.DbException.getJdbcSQLException(DbException.java:520) ~[h2-2.3.232.jar:2.3.232]
	at org.h2.message.DbException.getJdbcSQLException(DbException.java:489) ~[h2-2.3.232.jar:2.3.232]
	at org.h2.message.DbException.get(DbException.java:223) ~[h2-2.3.232.jar:2.3.232]
	at org.h2.message.DbException.get(DbException.java:199) ~[h2-2.3.232.jar:2.3.232]
	at org.h2.table.Column.validateConvertUpdateSequence(Column.java:402) ~[h2-2.3.232.jar:2.3.232]
	at org.h2.table.Table.convertInsertRow(Table.java:963) ~[h2-2.3.232.jar:2.3.232]
	at org.h2.command.dml.Insert.insertRows(Insert.java:167) ~[h2-2.3.232.jar:2.3.232]
	at org.h2.command.dml.Insert.update(Insert.java:135) ~[h2-2.3.232.jar:2.3.232]
	at org.h2.command.dml.DataChangeStatement.update(DataChangeStatement.java:74) ~[h2-2.3.232.jar:2.3.232]
	at org.h2.command.CommandContainer.update(CommandContainer.java:139) ~[h2-2.3.232.jar:2.3.232]
	at org.h2.command.Command.executeUpdate(Command.java:304) ~[h2-2.3.232.jar:2.3.232]
	at org.h2.command.Command.executeUpdate(Command.java:248) ~[h2-2.3.232.jar:2.3.232]
	at org.h2.jdbc.JdbcStatement.executeInternal(JdbcStatement.java:262) ~[h2-2.3.232.jar:2.3.232]
	at org.h2.jdbc.JdbcStatement.execute(JdbcStatement.java:231) ~[h2-2.3.232.jar:2.3.232]
	at com.zaxxer.hikari.pool.ProxyStatement.execute(ProxyStatement.java:95) ~[HikariCP-6.3.3.jar:na]
	at com.zaxxer.hikari.pool.HikariProxyStatement.execute(HikariProxyStatement.java) ~[HikariCP-6.3.3.jar:na]
	at org.springframework.jdbc.datasource.init.ScriptUtils.executeSqlScript(ScriptUtils.java:261) ~[spring-jdbc-6.2.12.jar:6.2.12]
	... 30 common frames omitted

[INFO] ------------------------------------------------------------------------
[INFO] BUILD FAILURE
[INFO] ------------------------------------------------------------------------
[INFO] Total time:  6.068 s
[INFO] Finished at: 2025-12-01T16:21:34-05:00
[INFO] ------------------------------------------------------------------------
[ERROR] Failed to execute goal org.springframework.boot:spring-boot-maven-plugin:3.5.7:run (default-cli) on project citafacil: Process terminated with exit code: 1 -> [Help 1]
[ERROR] 
[ERROR] To see the full stack trace of the errors, re-run Maven with the -e switch.
[ERROR] Re-run Maven using the -X switch to enable full debug logging.
[ERROR] 
[ERROR] For more information about the errors and possible solutions, please read the following articles:
[ERROR] [Help 1] http://cwiki.apache.org/confluence/display/MAVEN/MojoExecutionException
